<?xml version="1.0" encoding="UTF-8"?>
<testsuite xmlns:xsi="http://www.w3.org/2001/XMLSchema-instance" xsi:noNamespaceSchemaLocation="https://maven.apache.org/surefire/maven-surefire-plugin/xsd/surefire-test-report-3.0.xsd" version="3.0" name="EnderecoTest" time="0.021" tests="9" errors="0" skipped="0" failures="0">
  <properties>
[...]
</properties>
  <testcase name="testToStringFrontCompletos" classname="EnderecoTest" time="0.001"/>
  <testcase name="testConstrutorBasico" classname="EnderecoTest" time="0.005"/>
  <testcase name="testConstrutorComCep" classname="EnderecoTest" time="0.001"/>
  <testcase name="testToStringComValoresCompletos" classname="EnderecoTest" time="0.001"/>
  <testcase name="testToStringFrontComNulos" classname="EnderecoTest" time="0.001"/>
  <testcase name="testConstrutorComComplemento" classname="EnderecoTest" time="0.001"/>
  <testcase name="testToStringComNulos" classname="EnderecoTest" time="0.001"/>
  <testcase name="testConstrutorCompleto" classname="EnderecoTest" time="0.001"/>
  <testcase name="testStringToEndereco" classname="EnderecoTest" time="0.001"/>
</testsuite>